2025-01-29 16:21:27.089 [info] Experiment 'pythonRecommendTensorboardExt' is active
2025-01-29 16:21:27.090 [info] Experiment 'pythonSurveyNotificationcf' is active
2025-01-29 16:21:27.090 [info] Experiment 'pythonTerminalEnvVarActivation' is active
2025-01-29 16:21:27.090 [info] Experiment 'pythonTestAdapter' is active
2025-01-29 16:21:27.090 [warning] Dir "/home/kadir/xl-vlms/.pixi/envs" is not watchable (directory does not exist)
2025-01-29 16:21:27.090 [info] Starting Environment refresh
2025-01-29 16:21:27.090 [info] > hatch env show --json
2025-01-29 16:21:27.090 [info] cwd: .
2025-01-29 16:21:27.161 [info] Environments refresh finished (event): 142 milliseconds
2025-01-29 16:21:27.161 [info] Environments refresh paths discovered: 142 milliseconds
2025-01-29 16:21:27.163 [info] Environment refresh took 145 milliseconds
2025-01-29 16:21:27.174 [info] > pyenv which python
2025-01-29 16:21:27.174 [info] cwd: .
2025-01-29 16:21:27.203 [info] > python -c "import sys;print(sys.executable)"
2025-01-29 16:21:27.294 [info] > conda info --json
2025-01-29 16:21:30.274 [info] Shell integration status changed, can confirm it's working.
2025-01-29 16:21:30.283 [info] > pyenv which python
2025-01-29 16:21:30.283 [info] cwd: .
2025-01-29 16:21:30.411 [info] > ~/anaconda3/bin/python -I ./.code-server/extensions/ms-python.python-2024.23.0-dev-universal/python_files/get_output_via_markers.py ./.code-server/extensions/ms-python.python-2024.23.0-dev-universal/python_files/interpreterInfo.py
2025-01-29 16:21:30.485 [info] Python interpreter path: ~/anaconda3/bin/python
2025-01-29 16:21:30.497 [info] > conda info --json
2025-01-29 16:21:30.497 [info] shell: bash
2025-01-29 16:21:32.402 [info] Starting Jedi language server for xl-vlms.
2025-01-29 16:21:32.449 [info] > conda run -n base --no-capture-output python ./.code-server/extensions/ms-python.python-2024.23.0-dev-universal/python_files/get_output_via_markers.py ./.code-server/extensions/ms-python.python-2024.23.0-dev-universal/python_files/printEnvVariables.py
2025-01-29 16:21:32.449 [info] shell: bash
2025-01-29 16:21:32.449 [info] > conda run -n base --no-capture-output python ./.code-server/extensions/ms-python.python-2024.23.0-dev-universal/python_files/get_output_via_markers.py ./.code-server/extensions/ms-python.python-2024.23.0-dev-universal/python_files/printEnvVariables.py
2025-01-29 16:21:32.449 [info] shell: bash
2025-01-29 16:21:33.363 [info] > python ./.code-server/extensions/ms-python.python-2024.23.0-dev-universal/python_files/printEnvVariables.py
2025-01-29 16:21:33.363 [info] shell: bash
2025-01-29 16:21:33.402 [info] Setting environment variable CONDA_ROOT in collection to /root/anaconda3 {"applyAtShellIntegration":true,"applyAtProcessCreation":true}
2025-01-29 16:21:33.405 [info] Send text to terminal: python /home/kadir/xl-vlms/.code-server/extensions/ms-python.python-2024.23.0-dev-universal/python_files/printEnvVariablesToFile.py /home/kadir/xl-vlms/.code-server/extensions/ms-python.python-2024.23.0-dev-universal/python_files/deactivate/bash/envVars.txt
2025-01-29 16:21:33.405 [info] Setting environment variable CONDA_ROOT in collection to /root/anaconda3 {"applyAtShellIntegration":true,"applyAtProcessCreation":true}
